mode: set
github.com/helshabini/fsbroker/darwin.go:12.37,15.14 2 1
github.com/helshabini/fsbroker/darwin.go:18.68,19.14 1 1
github.com/helshabini/fsbroker/darwin.go:23.2,23.87 1 1
github.com/helshabini/fsbroker/darwin.go:27.46,30.2 1 1
github.com/helshabini/fsbroker/eventqueue.go:12.34,17.2 1 1
github.com/helshabini/fsbroker/eventqueue.go:19.44,23.2 3 1
github.com/helshabini/fsbroker/eventqueue.go:25.38,28.24 3 1
github.com/helshabini/fsbroker/eventqueue.go:28.24,30.3 1 1
github.com/helshabini/fsbroker/eventqueue.go:31.2,33.14 3 1
github.com/helshabini/fsbroker/eventqueue.go:36.41,44.2 5 1
github.com/helshabini/fsbroker/fsbroker.go:21.34,29.2 1 1
github.com/helshabini/fsbroker/fsbroker.go:48.55,50.16 2 1
github.com/helshabini/fsbroker/fsbroker.go:50.16,52.3 1 0
github.com/helshabini/fsbroker/fsbroker.go:54.2,63.8 1 1
github.com/helshabini/fsbroker/fsbroker.go:67.28,70.12 2 1
github.com/helshabini/fsbroker/fsbroker.go:70.12,71.7 1 1
github.com/helshabini/fsbroker/fsbroker.go:71.7,72.11 1 1
github.com/helshabini/fsbroker/fsbroker.go:73.37,74.37 1 1
github.com/helshabini/fsbroker/fsbroker.go:75.35,76.20 1 1
github.com/helshabini/fsbroker/fsbroker.go:83.43,85.2 1 1
github.com/helshabini/fsbroker/fsbroker.go:88.41,90.2 1 1
github.com/helshabini/fsbroker/fsbroker.go:95.57,97.79 2 1
github.com/helshabini/fsbroker/fsbroker.go:97.79,98.17 1 1
github.com/helshabini/fsbroker/fsbroker.go:98.17,100.4 1 0
github.com/helshabini/fsbroker/fsbroker.go:101.3,101.19 1 1
github.com/helshabini/fsbroker/fsbroker.go:101.19,102.40 1 1
github.com/helshabini/fsbroker/fsbroker.go:102.40,104.5 1 0
github.com/helshabini/fsbroker/fsbroker.go:106.3,106.13 1 1
github.com/helshabini/fsbroker/fsbroker.go:108.2,108.12 1 1
github.com/helshabini/fsbroker/fsbroker.go:112.48,116.21 3 1
github.com/helshabini/fsbroker/fsbroker.go:116.21,118.3 1 0
github.com/helshabini/fsbroker/fsbroker.go:120.2,120.44 1 1
github.com/helshabini/fsbroker/fsbroker.go:120.44,122.3 1 1
github.com/helshabini/fsbroker/fsbroker.go:123.2,124.12 2 1
github.com/helshabini/fsbroker/fsbroker.go:128.45,132.22 3 1
github.com/helshabini/fsbroker/fsbroker.go:132.22,134.3 1 1
github.com/helshabini/fsbroker/fsbroker.go:136.2,137.25 2 0
github.com/helshabini/fsbroker/fsbroker.go:141.32,146.18 3 1
github.com/helshabini/fsbroker/fsbroker.go:146.18,148.3 1 0
github.com/helshabini/fsbroker/fsbroker.go:150.2,154.6 4 1
github.com/helshabini/fsbroker/fsbroker.go:154.6,155.10 1 1
github.com/helshabini/fsbroker/fsbroker.go:156.28,158.26 1 1
github.com/helshabini/fsbroker/fsbroker.go:160.19,161.47 1 1
github.com/helshabini/fsbroker/fsbroker.go:163.17,164.10 1 1
github.com/helshabini/fsbroker/fsbroker.go:169.85,171.27 1 1
github.com/helshabini/fsbroker/fsbroker.go:171.27,173.3 1 0
github.com/helshabini/fsbroker/fsbroker.go:174.2,179.25 4 1
github.com/helshabini/fsbroker/fsbroker.go:179.25,181.3 1 1
github.com/helshabini/fsbroker/fsbroker.go:184.2,184.75 1 1
github.com/helshabini/fsbroker/fsbroker.go:184.75,186.41 1 1
github.com/helshabini/fsbroker/fsbroker.go:186.41,187.12 1 1
github.com/helshabini/fsbroker/fsbroker.go:190.3,190.22 1 1
github.com/helshabini/fsbroker/fsbroker.go:191.15,197.44 1 1
github.com/helshabini/fsbroker/fsbroker.go:197.44,198.94 1 1
github.com/helshabini/fsbroker/fsbroker.go:198.94,200.6 1 1
github.com/helshabini/fsbroker/fsbroker.go:203.4,206.45 3 1
github.com/helshabini/fsbroker/fsbroker.go:207.15,209.24 1 1
github.com/helshabini/fsbroker/fsbroker.go:209.24,211.35 2 0
github.com/helshabini/fsbroker/fsbroker.go:211.35,213.6 1 0
github.com/helshabini/fsbroker/fsbroker.go:216.4,217.44 2 1
github.com/helshabini/fsbroker/fsbroker.go:217.44,218.102 1 1
github.com/helshabini/fsbroker/fsbroker.go:218.102,225.11 7 0
github.com/helshabini/fsbroker/fsbroker.go:228.4,228.17 1 1
github.com/helshabini/fsbroker/fsbroker.go:228.17,232.5 2 1
github.com/helshabini/fsbroker/fsbroker.go:233.15,238.58 1 0
github.com/helshabini/fsbroker/fsbroker.go:238.58,246.45 5 0
github.com/helshabini/fsbroker/fsbroker.go:246.45,247.95 1 0
github.com/helshabini/fsbroker/fsbroker.go:247.95,249.7 1 0
github.com/helshabini/fsbroker/fsbroker.go:252.15,256.44 2 1
github.com/helshabini/fsbroker/fsbroker.go:256.44,257.131 1 1
github.com/helshabini/fsbroker/fsbroker.go:257.131,259.6 1 1
github.com/helshabini/fsbroker/fsbroker.go:264.4,265.44 2 1
github.com/helshabini/fsbroker/fsbroker.go:265.44,266.74 1 1
github.com/helshabini/fsbroker/fsbroker.go:266.74,269.11 3 1
github.com/helshabini/fsbroker/fsbroker.go:274.4,274.21 1 1
github.com/helshabini/fsbroker/fsbroker.go:274.21,277.5 2 1
github.com/helshabini/fsbroker/fsbroker.go:278.14,280.64 1 1
github.com/helshabini/fsbroker/fsbroker.go:280.64,282.39 2 0
github.com/helshabini/fsbroker/fsbroker.go:282.39,287.6 3 0
github.com/helshabini/fsbroker/fsbroker.go:287.11,287.34 1 0
github.com/helshabini/fsbroker/fsbroker.go:287.34,291.6 2 0
github.com/helshabini/fsbroker/fsbroker.go:292.10,292.33 1 1
github.com/helshabini/fsbroker/fsbroker.go:292.33,296.5 2 1
github.com/helshabini/fsbroker/fsbroker.go:297.11,297.11 0 0
github.com/helshabini/fsbroker/fsbroker.go:304.27,307.2 2 1
github.com/helshabini/fsbroker/fsbroker.go:310.58,311.29 1 1
github.com/helshabini/fsbroker/fsbroker.go:311.29,312.25 1 1
github.com/helshabini/fsbroker/fsbroker.go:312.25,314.4 1 1
github.com/helshabini/fsbroker/fsbroker.go:317.2,317.32 1 1
github.com/helshabini/fsbroker/fsbroker.go:317.32,319.17 2 1
github.com/helshabini/fsbroker/fsbroker.go:319.17,321.4 1 0
github.com/helshabini/fsbroker/fsbroker.go:322.3,322.13 1 1
github.com/helshabini/fsbroker/fsbroker.go:322.13,324.4 1 1
github.com/helshabini/fsbroker/fsbroker.go:327.2,331.40 3 1
github.com/helshabini/fsbroker/fsbroker.go:331.40,333.3 1 0
github.com/helshabini/fsbroker/fsbroker.go:335.2,335.19 1 1
github.com/helshabini/fsbroker/fsbroker.go:339.49,340.9 1 1
github.com/helshabini/fsbroker/fsbroker.go:341.45,342.16 1 1
github.com/helshabini/fsbroker/fsbroker.go:343.43,344.16 1 1
github.com/helshabini/fsbroker/fsbroker.go:345.45,346.16 1 1
github.com/helshabini/fsbroker/fsbroker.go:347.45,348.16 1 1
github.com/helshabini/fsbroker/fsbroker.go:349.43,350.15 1 1
github.com/helshabini/fsbroker/fsbroker.go:351.10,352.12 1 1
github.com/helshabini/fsbroker/fsbroker.go:357.48,359.2 1 1
github.com/helshabini/fsbroker/fsevent.go:18.37,19.12 1 1
github.com/helshabini/fsbroker/fsevent.go:20.14,21.18 1 1
github.com/helshabini/fsbroker/fsevent.go:22.14,23.18 1 1
github.com/helshabini/fsbroker/fsevent.go:24.14,25.18 1 1
github.com/helshabini/fsbroker/fsevent.go:26.14,27.18 1 1
github.com/helshabini/fsbroker/fsevent.go:28.13,29.17 1 1
github.com/helshabini/fsbroker/fsevent.go:30.10,31.19 1 1
github.com/helshabini/fsbroker/fsevent.go:42.74,49.2 1 1
github.com/helshabini/fsbroker/fsevent.go:51.43,53.2 1 1
