mode: set
github.com/helshabini/fsbroker/darwin.go:15.85,17.27 1 1
github.com/helshabini/fsbroker/darwin.go:17.27,19.3 1 0
github.com/helshabini/fsbroker/darwin.go:20.2,32.50 5 1
github.com/helshabini/fsbroker/darwin.go:32.50,34.33 2 0
github.com/helshabini/fsbroker/darwin.go:34.33,36.4 1 0
github.com/helshabini/fsbroker/darwin.go:37.3,37.92 1 0
github.com/helshabini/fsbroker/darwin.go:40.2,40.25 1 1
github.com/helshabini/fsbroker/darwin.go:40.25,42.3 1 1
github.com/helshabini/fsbroker/darwin.go:45.2,45.75 1 1
github.com/helshabini/fsbroker/darwin.go:45.75,48.41 2 1
github.com/helshabini/fsbroker/darwin.go:48.41,50.12 2 1
github.com/helshabini/fsbroker/darwin.go:53.3,53.22 1 1
github.com/helshabini/fsbroker/darwin.go:54.15,56.44 1 1
github.com/helshabini/fsbroker/darwin.go:56.44,57.94 1 1
github.com/helshabini/fsbroker/darwin.go:57.94,60.6 2 1
github.com/helshabini/fsbroker/darwin.go:64.4,69.49 3 1
github.com/helshabini/fsbroker/darwin.go:69.49,73.5 2 1
github.com/helshabini/fsbroker/darwin.go:73.10,75.27 1 1
github.com/helshabini/fsbroker/darwin.go:75.27,78.6 2 1
github.com/helshabini/fsbroker/darwin.go:81.4,81.26 1 1
github.com/helshabini/fsbroker/darwin.go:81.26,84.5 2 1
github.com/helshabini/fsbroker/darwin.go:86.4,90.45 4 1
github.com/helshabini/fsbroker/darwin.go:92.15,96.18 3 1
github.com/helshabini/fsbroker/darwin.go:96.18,97.27 1 1
github.com/helshabini/fsbroker/darwin.go:97.27,100.6 2 1
github.com/helshabini/fsbroker/darwin.go:100.11,102.6 1 0
github.com/helshabini/fsbroker/darwin.go:103.5,104.13 2 1
github.com/helshabini/fsbroker/darwin.go:106.4,110.19 4 1
github.com/helshabini/fsbroker/darwin.go:110.19,116.13 5 0
github.com/helshabini/fsbroker/darwin.go:119.4,123.44 3 1
github.com/helshabini/fsbroker/darwin.go:123.44,125.88 1 1
github.com/helshabini/fsbroker/darwin.go:125.88,133.32 5 1
github.com/helshabini/fsbroker/darwin.go:133.32,135.7 1 1
github.com/helshabini/fsbroker/darwin.go:136.6,138.18 3 1
github.com/helshabini/fsbroker/darwin.go:138.18,156.12 14 1
github.com/helshabini/fsbroker/darwin.go:160.4,165.23 2 1
github.com/helshabini/fsbroker/darwin.go:165.23,167.41 2 1
github.com/helshabini/fsbroker/darwin.go:167.41,171.6 2 1
github.com/helshabini/fsbroker/darwin.go:171.11,173.23 1 1
github.com/helshabini/fsbroker/darwin.go:173.23,176.7 2 1
github.com/helshabini/fsbroker/darwin.go:179.5,179.22 1 1
github.com/helshabini/fsbroker/darwin.go:179.22,183.46 3 1
github.com/helshabini/fsbroker/darwin.go:183.46,184.126 1 1
github.com/helshabini/fsbroker/darwin.go:184.126,189.13 4 1
github.com/helshabini/fsbroker/darwin.go:192.6,192.125 1 1
github.com/helshabini/fsbroker/darwin.go:198.5,201.46 4 1
github.com/helshabini/fsbroker/darwin.go:203.4,203.72 1 1
github.com/helshabini/fsbroker/darwin.go:205.15,221.30 4 1
github.com/helshabini/fsbroker/darwin.go:221.30,228.13 4 0
github.com/helshabini/fsbroker/darwin.go:231.4,235.44 2 1
github.com/helshabini/fsbroker/darwin.go:235.44,236.37 1 1
github.com/helshabini/fsbroker/darwin.go:236.37,238.20 2 0
github.com/helshabini/fsbroker/darwin.go:238.20,239.15 1 0
github.com/helshabini/fsbroker/darwin.go:241.6,242.76 2 0
github.com/helshabini/fsbroker/darwin.go:242.76,256.12 13 0
github.com/helshabini/fsbroker/darwin.go:260.4,260.23 1 1
github.com/helshabini/fsbroker/darwin.go:260.23,272.5 9 1
github.com/helshabini/fsbroker/darwin.go:274.14,278.44 2 1
github.com/helshabini/fsbroker/darwin.go:278.44,279.130 1 1
github.com/helshabini/fsbroker/darwin.go:279.130,283.6 3 1
github.com/helshabini/fsbroker/darwin.go:287.4,288.18 2 1
github.com/helshabini/fsbroker/darwin.go:288.18,291.27 1 1
github.com/helshabini/fsbroker/darwin.go:291.27,293.6 1 1
github.com/helshabini/fsbroker/darwin.go:294.5,295.13 2 1
github.com/helshabini/fsbroker/darwin.go:301.4,303.44 3 1
github.com/helshabini/fsbroker/darwin.go:303.44,304.138 1 1
github.com/helshabini/fsbroker/darwin.go:304.138,307.52 1 0
github.com/helshabini/fsbroker/darwin.go:307.52,310.52 2 0
github.com/helshabini/fsbroker/darwin.go:310.52,312.8 1 0
github.com/helshabini/fsbroker/darwin.go:312.13,317.8 4 0
github.com/helshabini/fsbroker/darwin.go:318.7,320.12 3 0
github.com/helshabini/fsbroker/darwin.go:324.4,327.21 2 1
github.com/helshabini/fsbroker/darwin.go:327.21,332.20 5 1
github.com/helshabini/fsbroker/darwin.go:332.20,336.6 3 1
github.com/helshabini/fsbroker/darwin.go:337.5,339.52 3 1
github.com/helshabini/fsbroker/darwin.go:342.14,345.26 2 1
github.com/helshabini/fsbroker/darwin.go:345.26,348.5 2 0
github.com/helshabini/fsbroker/darwin.go:351.4,356.18 4 1
github.com/helshabini/fsbroker/darwin.go:356.18,358.13 2 0
github.com/helshabini/fsbroker/darwin.go:360.4,361.30 2 1
github.com/helshabini/fsbroker/darwin.go:361.30,362.54 1 1
github.com/helshabini/fsbroker/darwin.go:362.54,368.6 4 1
github.com/helshabini/fsbroker/darwin.go:371.5,372.63 2 1
github.com/helshabini/fsbroker/darwin.go:375.11,376.115 1 0
github.com/helshabini/fsbroker/darwin.go:382.2,383.42 2 1
github.com/helshabini/fsbroker/darwin.go:383.42,386.3 2 1
github.com/helshabini/fsbroker/darwin.go:388.2,388.61 1 1
github.com/helshabini/fsbroker/darwin.go:392.37,395.14 2 1
github.com/helshabini/fsbroker/darwin.go:412.13,413.14 1 1
github.com/helshabini/fsbroker/darwin.go:418.2,421.69 1 1
github.com/helshabini/fsbroker/darwin.go:421.69,423.3 1 0
github.com/helshabini/fsbroker/darwin.go:426.2,426.37 1 1
github.com/helshabini/fsbroker/darwin.go:426.37,428.3 1 0
github.com/helshabini/fsbroker/darwin.go:431.2,431.87 1 1
github.com/helshabini/fsbroker/darwin.go:435.46,437.84 2 1
github.com/helshabini/fsbroker/darwin.go:437.84,439.3 1 1
github.com/helshabini/fsbroker/darwin.go:445.2,445.19 1 1
github.com/helshabini/fsbroker/darwin.go:448.58,451.9 3 1
github.com/helshabini/fsbroker/darwin.go:451.9,453.3 1 0
github.com/helshabini/fsbroker/darwin.go:455.2,461.3 1 1
github.com/helshabini/fsbroker/debug_off.go:11.13,18.2 3 1
github.com/helshabini/fsbroker/debug_off.go:21.36,23.2 0 1
github.com/helshabini/fsbroker/eventqueue.go:13.34,18.2 1 1
github.com/helshabini/fsbroker/eventqueue.go:20.44,24.2 3 1
github.com/helshabini/fsbroker/eventqueue.go:26.38,29.24 3 1
github.com/helshabini/fsbroker/eventqueue.go:29.24,31.3 1 1
github.com/helshabini/fsbroker/eventqueue.go:32.2,34.14 3 1
github.com/helshabini/fsbroker/eventqueue.go:37.41,45.2 5 1
github.com/helshabini/fsbroker/eventqueue.go:47.46,50.29 3 0
github.com/helshabini/fsbroker/eventqueue.go:50.29,51.17 1 0
github.com/helshabini/fsbroker/eventqueue.go:51.17,54.4 2 0
github.com/helshabini/fsbroker/eventqueue.go:58.31,62.2 3 0
github.com/helshabini/fsbroker/eventqueue.go:64.33,68.2 3 1
github.com/helshabini/fsbroker/fsbroker.go:23.34,30.2 1 1
github.com/helshabini/fsbroker/fsbroker.go:48.55,50.16 2 1
github.com/helshabini/fsbroker/fsbroker.go:50.16,52.3 1 0
github.com/helshabini/fsbroker/fsbroker.go:54.2,63.8 1 1
github.com/helshabini/fsbroker/fsbroker.go:67.28,70.12 2 1
github.com/helshabini/fsbroker/fsbroker.go:70.12,71.7 1 1
github.com/helshabini/fsbroker/fsbroker.go:71.7,72.11 1 1
github.com/helshabini/fsbroker/fsbroker.go:73.37,74.21 1 1
github.com/helshabini/fsbroker/fsbroker.go:75.92,77.38 2 1
github.com/helshabini/fsbroker/fsbroker.go:78.13,79.54 1 1
github.com/helshabini/fsbroker/fsbroker.go:81.35,82.20 1 0
github.com/helshabini/fsbroker/fsbroker.go:89.43,91.2 1 1
github.com/helshabini/fsbroker/fsbroker.go:94.41,96.2 1 1
github.com/helshabini/fsbroker/fsbroker.go:101.57,103.79 2 1
github.com/helshabini/fsbroker/fsbroker.go:103.79,104.17 1 1
github.com/helshabini/fsbroker/fsbroker.go:104.17,106.4 1 0
github.com/helshabini/fsbroker/fsbroker.go:107.3,107.19 1 1
github.com/helshabini/fsbroker/fsbroker.go:107.19,108.40 1 1
github.com/helshabini/fsbroker/fsbroker.go:108.40,110.5 1 0
github.com/helshabini/fsbroker/fsbroker.go:112.3,112.13 1 1
github.com/helshabini/fsbroker/fsbroker.go:114.2,114.12 1 1
github.com/helshabini/fsbroker/fsbroker.go:118.48,119.33 1 1
github.com/helshabini/fsbroker/fsbroker.go:119.33,121.3 1 1
github.com/helshabini/fsbroker/fsbroker.go:123.2,123.44 1 1
github.com/helshabini/fsbroker/fsbroker.go:123.44,125.3 1 0
github.com/helshabini/fsbroker/fsbroker.go:128.2,129.16 2 1
github.com/helshabini/fsbroker/fsbroker.go:129.16,131.3 1 0
github.com/helshabini/fsbroker/fsbroker.go:134.2,134.29 1 1
github.com/helshabini/fsbroker/fsbroker.go:134.29,136.39 1 1
github.com/helshabini/fsbroker/fsbroker.go:136.39,138.4 1 0
github.com/helshabini/fsbroker/fsbroker.go:139.3,140.17 2 1
github.com/helshabini/fsbroker/fsbroker.go:140.17,142.4 1 0
github.com/helshabini/fsbroker/fsbroker.go:143.3,143.103 1 1
github.com/helshabini/fsbroker/fsbroker.go:146.2,146.12 1 1
github.com/helshabini/fsbroker/fsbroker.go:150.45,156.47 3 1
github.com/helshabini/fsbroker/fsbroker.go:156.47,157.35 1 1
github.com/helshabini/fsbroker/fsbroker.go:157.35,159.4 1 1
github.com/helshabini/fsbroker/fsbroker.go:161.2,161.29 1 1
github.com/helshabini/fsbroker/fsbroker.go:161.29,163.3 1 1
github.com/helshabini/fsbroker/fsbroker.go:167.32,172.18 3 1
github.com/helshabini/fsbroker/fsbroker.go:172.18,174.3 1 0
github.com/helshabini/fsbroker/fsbroker.go:176.2,180.6 4 1
github.com/helshabini/fsbroker/fsbroker.go:180.6,182.10 2 1
github.com/helshabini/fsbroker/fsbroker.go:183.28,185.26 1 1
github.com/helshabini/fsbroker/fsbroker.go:187.19,188.47 1 1
github.com/helshabini/fsbroker/fsbroker.go:190.17,191.10 1 1
github.com/helshabini/fsbroker/fsbroker.go:197.27,200.2 2 1
github.com/helshabini/fsbroker/fsbroker.go:203.58,208.29 1 1
github.com/helshabini/fsbroker/fsbroker.go:208.29,209.25 1 1
github.com/helshabini/fsbroker/fsbroker.go:209.25,212.4 2 1
github.com/helshabini/fsbroker/fsbroker.go:216.2,217.21 2 1
github.com/helshabini/fsbroker/fsbroker.go:217.21,220.3 2 0
github.com/helshabini/fsbroker/fsbroker.go:224.2,224.32 1 1
github.com/helshabini/fsbroker/fsbroker.go:224.32,226.17 2 1
github.com/helshabini/fsbroker/fsbroker.go:226.17,229.26 1 0
github.com/helshabini/fsbroker/fsbroker.go:229.26,234.5 3 0
github.com/helshabini/fsbroker/fsbroker.go:234.10,241.5 4 0
github.com/helshabini/fsbroker/fsbroker.go:243.3,243.13 1 1
github.com/helshabini/fsbroker/fsbroker.go:243.13,246.4 2 1
github.com/helshabini/fsbroker/fsbroker.go:250.2,253.25 2 1
github.com/helshabini/fsbroker/fsbroker.go:253.25,256.17 3 1
github.com/helshabini/fsbroker/fsbroker.go:256.17,259.4 1 0
github.com/helshabini/fsbroker/fsbroker.go:259.9,261.19 2 1
github.com/helshabini/fsbroker/fsbroker.go:261.19,262.41 1 1
github.com/helshabini/fsbroker/fsbroker.go:262.41,264.6 1 1
github.com/helshabini/fsbroker/fsbroker.go:265.5,266.124 2 1
github.com/helshabini/fsbroker/fsbroker.go:267.10,270.5 1 0
github.com/helshabini/fsbroker/fsbroker.go:275.2,275.21 1 1
github.com/helshabini/fsbroker/fsbroker.go:275.21,278.19 2 0
github.com/helshabini/fsbroker/fsbroker.go:278.19,281.4 2 0
github.com/helshabini/fsbroker/fsbroker.go:284.2,285.19 2 1
github.com/helshabini/fsbroker/fsbroker.go:289.49,290.9 1 1
github.com/helshabini/fsbroker/fsbroker.go:291.45,292.16 1 1
github.com/helshabini/fsbroker/fsbroker.go:293.43,294.15 1 1
github.com/helshabini/fsbroker/fsbroker.go:295.45,296.16 1 1
github.com/helshabini/fsbroker/fsbroker.go:297.45,298.16 1 1
github.com/helshabini/fsbroker/fsbroker.go:299.43,300.15 1 1
github.com/helshabini/fsbroker/fsbroker.go:301.10,302.12 1 0
github.com/helshabini/fsbroker/fsbroker.go:307.46,309.2 1 1
github.com/helshabini/fsbroker/fsbroker.go:312.31,314.51 2 1
github.com/helshabini/fsbroker/fsbroker.go:314.51,316.3 1 1
github.com/helshabini/fsbroker/fsbroker_test_unix.go:10.56,13.2 1 0
github.com/helshabini/fsbroker/fsevent.go:19.37,20.12 1 1
github.com/helshabini/fsbroker/fsevent.go:21.14,22.18 1 1
github.com/helshabini/fsbroker/fsevent.go:23.13,24.17 1 1
github.com/helshabini/fsbroker/fsevent.go:25.14,26.18 1 1
github.com/helshabini/fsbroker/fsevent.go:27.14,28.18 1 1
github.com/helshabini/fsbroker/fsevent.go:29.13,30.17 1 1
github.com/helshabini/fsbroker/fsevent.go:31.10,32.19 1 1
github.com/helshabini/fsbroker/fsevent.go:43.74,50.2 1 1
github.com/helshabini/fsbroker/fsevent.go:52.43,54.2 1 1
github.com/helshabini/fsbroker/fsevent.go:56.51,61.2 4 1
github.com/helshabini/fsbroker/fsevent.go:63.57,67.2 3 0
github.com/helshabini/fsbroker/info.go:17.32,19.2 1 1
github.com/helshabini/fsbroker/info.go:21.35,24.2 1 1
github.com/helshabini/fsbroker/map.go:10.20,14.2 1 1
github.com/helshabini/fsbroker/map.go:16.44,20.2 3 1
github.com/helshabini/fsbroker/map.go:22.37,26.2 3 1
github.com/helshabini/fsbroker/map.go:28.34,32.2 3 1
github.com/helshabini/fsbroker/map.go:34.63,37.34 3 1
github.com/helshabini/fsbroker/map.go:37.34,39.3 1 1
github.com/helshabini/fsbroker/map.go:42.26,46.2 3 1
github.com/helshabini/fsbroker/map.go:48.23,52.2 3 0
